d:\documents\visual studio 2015\projects\esd (c++)\assignment 3\build\debug\int\main.obj
d:\documents\visual studio 2015\projects\esd (c++)\assignment 3\build\debug\int\appdelegate.obj
d:\documents\visual studio 2015\projects\esd (c++)\assignment 3\build\debug\int\buttons.obj
d:\documents\visual studio 2015\projects\esd (c++)\assignment 3\build\debug\int\gamemenu.obj
d:\documents\visual studio 2015\projects\esd (c++)\assignment 3\build\debug\int\gamescene.obj
d:\documents\visual studio 2015\projects\esd (c++)\assignment 3\build\debug\int\puzzlepiece.obj
d:\documents\visual studio 2015\projects\esd (c++)\assignment 3\build\debug\int\puzzle.obj
d:\documents\visual studio 2015\projects\esd (c++)\assignment 3\build\debug\int\winscene.obj
d:\documents\visual studio 2015\projects\esd (c++)\assignment 3\build\debug\int\vc140.pdb
d:\documents\visual studio 2015\projects\esd (c++)\assignment 3\build\debug\puzzlegame.ilk
d:\documents\visual studio 2015\projects\esd (c++)\assignment 3\build\debug\puzzlegame.exe
d:\documents\visual studio 2015\projects\esd (c++)\assignment 3\build\debug\puzzlegame.pdb
d:\documents\visual studio 2015\projects\esd (c++)\assignment 3\build\debug\puzzlegame.lib
d:\documents\visual studio 2015\projects\esd (c++)\assignment 3\build\debug\puzzlegame.exp
d:\documents\visual studio 2015\projects\esd (c++)\assignment 3\project\puzzlegame.cab
d:\documents\visual studio 2015\projects\esd (c++)\assignment 3\build\debug\int\game.res
d:\documents\visual studio 2015\projects\esd (c++)\assignment 3\build\debug\int\vc140.idb
d:\documents\visual studio 2015\projects\esd (c++)\assignment 3\\build\debug\puzzlegame.pdb
d:\documents\visual studio 2015\projects\esd (c++)\assignment 3\\build\debug\puzzlegame.exe
d:\documents\visual studio 2015\projects\esd (c++)\assignment 3\\build\debug\puzzlegame.ilk
d:\documents\visual studio 2015\projects\esd (c++)\assignment 3\build\debug\int\puzzlegame.tlog\cl.command.1.tlog
d:\documents\visual studio 2015\projects\esd (c++)\assignment 3\build\debug\int\puzzlegame.tlog\cl.read.1.tlog
d:\documents\visual studio 2015\projects\esd (c++)\assignment 3\build\debug\int\puzzlegame.tlog\cl.write.1.tlog
d:\documents\visual studio 2015\projects\esd (c++)\assignment 3\build\debug\int\puzzlegame.tlog\link.command.1.tlog
d:\documents\visual studio 2015\projects\esd (c++)\assignment 3\build\debug\int\puzzlegame.tlog\link.read.1.tlog
d:\documents\visual studio 2015\projects\esd (c++)\assignment 3\build\debug\int\puzzlegame.tlog\link.write.1.tlog
d:\documents\visual studio 2015\projects\esd (c++)\assignment 3\build\debug\int\puzzlegame.tlog\puzzlegame.write.1u.tlog
d:\documents\visual studio 2015\projects\esd (c++)\assignment 3\build\debug\int\puzzlegame.tlog\rc.command.1.tlog
d:\documents\visual studio 2015\projects\esd (c++)\assignment 3\build\debug\int\puzzlegame.tlog\rc.read.1.tlog
d:\documents\visual studio 2015\projects\esd (c++)\assignment 3\build\debug\int\puzzlegame.tlog\rc.write.1.tlog
